  [1m[35m (126.6ms)[0m  [1m[35mCREATE TABLE "schema_migrations" ("version" varchar NOT NULL PRIMARY KEY)[0m
  [1m[35m (111.4ms)[0m  [1m[35mCREATE TABLE "ar_internal_metadata" ("key" varchar NOT NULL PRIMARY KEY, "value" varchar, "created_at" datetime NOT NULL, "updated_at" datetime NOT NULL)[0m
  [1m[36mActiveRecord::SchemaMigration Load (0.1ms)[0m  [1m[34mSELECT "schema_migrations".* FROM "schema_migrations"[0m
Migrating to CreateUsers (20160719191240)
  [1m[35m (0.1ms)[0m  [1m[36mbegin transaction[0m
  [1m[35m (0.4ms)[0m  [1m[35mCREATE TABLE "users" ("id" INTEGER PRIMARY KEY AUTOINCREMENT NOT NULL, "username" varchar, "password_digest" varchar, "created_at" datetime NOT NULL, "updated_at" datetime NOT NULL)[0m
  [1m[35m (0.1ms)[0m  [1m[34mselect sqlite_version(*)[0m
  [1m[35m (0.2ms)[0m  [1m[35mCREATE UNIQUE INDEX "index_users_on_username" ON "users" ("username")[0m
  [1m[35mSQL (0.3ms)[0m  [1m[32mINSERT INTO "schema_migrations" ("version") VALUES (?)[0m  [["version", "20160719191240"]]
  [1m[35m (94.5ms)[0m  [1m[36mcommit transaction[0m
Migrating to CreateMessages (20160719235623)
  [1m[35m (0.1ms)[0m  [1m[36mbegin transaction[0m
  [1m[35m (0.3ms)[0m  [1m[35mCREATE TABLE "messages" ("id" INTEGER PRIMARY KEY AUTOINCREMENT NOT NULL, "content" text, "user_id" integer, "created_at" datetime NOT NULL, "updated_at" datetime NOT NULL)[0m
  [1m[35m (0.1ms)[0m  [1m[35mCREATE  INDEX "index_messages_on_user_id" ON "messages" ("user_id")[0m
  [1m[35mSQL (0.1ms)[0m  [1m[32mINSERT INTO "schema_migrations" ("version") VALUES (?)[0m  [["version", "20160719235623"]]
  [1m[35m (153.7ms)[0m  [1m[36mcommit transaction[0m
  [1m[36mActiveRecord::InternalMetadata Load (0.2ms)[0m  [1m[34mSELECT  "ar_internal_metadata".* FROM "ar_internal_metadata" WHERE "ar_internal_metadata"."key" = ? LIMIT ?[0m  [["key", :environment], ["LIMIT", 1]]
  [1m[35m (0.1ms)[0m  [1m[36mbegin transaction[0m
  [1m[35mSQL (0.2ms)[0m  [1m[32mINSERT INTO "ar_internal_metadata" ("key", "value", "created_at", "updated_at") VALUES (?, ?, ?, ?)[0m  [["key", "environment"], ["value", "development"], ["created_at", 2017-12-22 07:38:29 UTC], ["updated_at", 2017-12-22 07:38:29 UTC]]
  [1m[35m (101.8ms)[0m  [1m[36mcommit transaction[0m
  [1m[36mActiveRecord::SchemaMigration Load (0.1ms)[0m  [1m[34mSELECT "schema_migrations".* FROM "schema_migrations"[0m
  [1m[35m (0.1ms)[0m  [1m[34m            SELECT sql
            FROM sqlite_master
            WHERE name='index_messages_on_user_id' AND type='index'
            UNION ALL
            SELECT sql
            FROM sqlite_temp_master
            WHERE name='index_messages_on_user_id' AND type='index'
[0m
  [1m[35m (0.1ms)[0m  [1m[34m            SELECT sql
            FROM sqlite_master
            WHERE name='index_users_on_username' AND type='index'
            UNION ALL
            SELECT sql
            FROM sqlite_temp_master
            WHERE name='index_users_on_username' AND type='index'
[0m
  [1m[36mActiveRecord::SchemaMigration Load (0.2ms)[0m  [1m[34mSELECT "schema_migrations".* FROM "schema_migrations"[0m
  [1m[36mActiveRecord::InternalMetadata Load (0.2ms)[0m  [1m[34mSELECT  "ar_internal_metadata".* FROM "ar_internal_metadata" WHERE "ar_internal_metadata"."key" = ? LIMIT ?[0m  [["key", :environment], ["LIMIT", 1]]
  [1m[35m (0.1ms)[0m  [1m[36mbegin transaction[0m
  [1m[35m (0.1ms)[0m  [1m[36mcommit transaction[0m
  [1m[36mActiveRecord::SchemaMigration Load (0.1ms)[0m  [1m[34mSELECT "schema_migrations".* FROM "schema_migrations"[0m
  [1m[35m (0.1ms)[0m  [1m[34m            SELECT sql
            FROM sqlite_master
            WHERE name='index_messages_on_user_id' AND type='index'
            UNION ALL
            SELECT sql
            FROM sqlite_temp_master
            WHERE name='index_messages_on_user_id' AND type='index'
[0m
  [1m[35m (0.1ms)[0m  [1m[34m            SELECT sql
            FROM sqlite_master
            WHERE name='index_users_on_username' AND type='index'
            UNION ALL
            SELECT sql
            FROM sqlite_temp_master
            WHERE name='index_users_on_username' AND type='index'
[0m
  [1m[36mActiveRecord::SchemaMigration Load (0.2ms)[0m  [1m[34mSELECT "schema_migrations".* FROM "schema_migrations"[0m
  [1m[35m (0.1ms)[0m  [1m[36mbegin transaction[0m
  [1m[36mUser Exists (0.2ms)[0m  [1m[34mSELECT  1 AS one FROM "users" WHERE LOWER("users"."username") = LOWER(?) LIMIT ?[0m  [["username", "alice"], ["LIMIT", 1]]
  [1m[35mSQL (1.2ms)[0m  [1m[32mINSERT INTO "users" ("username", "password_digest", "created_at", "updated_at") VALUES (?, ?, ?, ?)[0m  [["username", "alice"], ["password_digest", "$2a$10$Rl2WitHwfBOMcqrE5zruQO5RwNOwA4EIvBgUWFVodc6nlZLH4nGUW"], ["created_at", 2017-12-22 07:38:57 UTC], ["updated_at", 2017-12-22 07:38:57 UTC]]
  [1m[35m (102.5ms)[0m  [1m[36mcommit transaction[0m
  [1m[35m (0.1ms)[0m  [1m[36mbegin transaction[0m
  [1m[36mUser Exists (0.2ms)[0m  [1m[34mSELECT  1 AS one FROM "users" WHERE LOWER("users"."username") = LOWER(?) LIMIT ?[0m  [["username", "bob"], ["LIMIT", 1]]
  [1m[35mSQL (1.0ms)[0m  [1m[32mINSERT INTO "users" ("username", "password_digest", "created_at", "updated_at") VALUES (?, ?, ?, ?)[0m  [["username", "bob"], ["password_digest", "$2a$10$0Ozjr2h73lcn6btvXOVv2.T7PCdZqr1Yuon2qSosnz8cldGDGIpxG"], ["created_at", 2017-12-22 07:38:57 UTC], ["updated_at", 2017-12-22 07:38:57 UTC]]
  [1m[35m (105.1ms)[0m  [1m[36mcommit transaction[0m
Started GET "/" for 127.0.0.1 at 2017-12-22 15:09:30 +0530
  [1m[36mActiveRecord::SchemaMigration Load (0.2ms)[0m  [1m[34mSELECT "schema_migrations".* FROM "schema_migrations"[0m
Processing by MessagesController#index as HTML
  [1m[36mUser Load (0.2ms)[0m  [1m[34mSELECT  "users".* FROM "users" WHERE "users"."id" IS NULL LIMIT ?[0m  [["LIMIT", 1]]
Redirected to http://lvh.me:3000/login
Filter chain halted as :logged_in_user rendered or redirected
Completed 302 Found in 32ms (ActiveRecord: 0.5ms)


Started GET "/login" for 127.0.0.1 at 2017-12-22 15:09:31 +0530
Processing by SessionsController#new as HTML
  Rendering sessions/new.html.erb within layouts/application
  Rendered sessions/new.html.erb within layouts/application (385.2ms)
  Rendered layouts/_logo.html.erb (0.6ms)
  [1m[36mUser Load (0.2ms)[0m  [1m[34mSELECT  "users".* FROM "users" WHERE "users"."id" IS NULL LIMIT ?[0m  [["LIMIT", 1]]
  Rendered layouts/_header.html.erb (3.7ms)
Completed 200 OK in 1074ms (Views: 1072.1ms | ActiveRecord: 0.2ms)


Started GET "/" for 127.0.0.1 at 2017-12-22 15:09:34 +0530
Processing by MessagesController#index as HTML
  [1m[36mUser Load (0.2ms)[0m  [1m[34mSELECT  "users".* FROM "users" WHERE "users"."id" IS NULL LIMIT ?[0m  [["LIMIT", 1]]
Redirected to http://localhost:3000/login
Filter chain halted as :logged_in_user rendered or redirected
Completed 302 Found in 2ms (ActiveRecord: 0.2ms)


Started GET "/login" for 127.0.0.1 at 2017-12-22 15:09:34 +0530
Processing by SessionsController#new as HTML
  Rendering sessions/new.html.erb within layouts/application
  Rendered sessions/new.html.erb within layouts/application (3.0ms)
  Rendered layouts/_logo.html.erb (0.5ms)
  [1m[36mUser Load (0.3ms)[0m  [1m[34mSELECT  "users".* FROM "users" WHERE "users"."id" IS NULL LIMIT ?[0m  [["LIMIT", 1]]
  Rendered layouts/_header.html.erb (3.7ms)
Completed 200 OK in 53ms (Views: 50.5ms | ActiveRecord: 0.3ms)


Started GET "/users/new" for 127.0.0.1 at 2017-12-22 15:09:57 +0530
Processing by UsersController#new as HTML
  Rendering users/new.html.erb within layouts/application
  Rendered shared/_error_messages.html.erb (1.4ms)
  Rendered users/new.html.erb within layouts/application (7.3ms)
  Rendered layouts/_logo.html.erb (0.7ms)
  [1m[36mUser Load (0.5ms)[0m  [1m[34mSELECT  "users".* FROM "users" WHERE "users"."id" IS NULL LIMIT ?[0m  [["LIMIT", 1]]
  Rendered layouts/_header.html.erb (5.2ms)
Completed 200 OK in 87ms (Views: 63.0ms | ActiveRecord: 1.9ms)


Started POST "/users" for 127.0.0.1 at 2017-12-22 15:10:18 +0530
Processing by UsersController#create as HTML
  Parameters: {"utf8"=>"✓", "authenticity_token"=>"In6Sp3T67/d+rNNBXqehVN1EEIzs6WWtLCUY1T5O49a2G9s67ZzzhwqSkl70X/trzhacRcqnAPKrBicRimcWJw==", "user"=>{"username"=>"rahul", "password"=>"[FILTERED]", "password_confirmation"=>"[FILTERED]"}, "commit"=>"Sign up"}
  [1m[35m (0.3ms)[0m  [1m[36mbegin transaction[0m
  [1m[36mUser Exists (0.2ms)[0m  [1m[34mSELECT  1 AS one FROM "users" WHERE LOWER("users"."username") = LOWER(?) LIMIT ?[0m  [["username", "rahul"], ["LIMIT", 1]]
  [1m[35mSQL (0.6ms)[0m  [1m[32mINSERT INTO "users" ("username", "password_digest", "created_at", "updated_at") VALUES (?, ?, ?, ?)[0m  [["username", "rahul"], ["password_digest", "$2a$10$D8IBlvEwp3THyZ3AD8/kcexjQru3R5QsY2SaL2Zg43Jtch4CJqjUC"], ["created_at", 2017-12-22 09:40:19 UTC], ["updated_at", 2017-12-22 09:40:19 UTC]]
  [1m[35m (97.2ms)[0m  [1m[36mcommit transaction[0m
Redirected to http://localhost:3000/messages
Completed 302 Found in 228ms (ActiveRecord: 98.4ms)


Started GET "/messages" for 127.0.0.1 at 2017-12-22 15:10:19 +0530
Processing by MessagesController#index as HTML
  [1m[36mUser Load (0.4ms)[0m  [1m[34mSELECT  "users".* FROM "users" WHERE "users"."id" = ? LIMIT ?[0m  [["id", 3], ["LIMIT", 1]]
  [1m[36mMessage Load (0.2ms)[0m  [1m[34mSELECT  "messages".* FROM "messages" ORDER BY "messages"."created_at" DESC LIMIT ?[0m  [["LIMIT", 50]]
  Rendering messages/index.html.erb within layouts/application
  Rendered messages/_messages.html.erb (0.4ms)
  Rendered messages/_message_form.html.erb (3.0ms)
  Rendered messages/index.html.erb within layouts/application (5.2ms)
  Rendered layouts/_logo.html.erb (0.4ms)
  Rendered layouts/_header.html.erb (1.7ms)
Completed 200 OK in 64ms (Views: 32.4ms | ActiveRecord: 1.3ms)


Started DELETE "/logout" for 127.0.0.1 at 2017-12-22 15:10:39 +0530
Processing by SessionsController#destroy as HTML
  Parameters: {"authenticity_token"=>"mYsUcGS8V0jZ43F72GwzzEBH2v/xPDPTipGjLognQKRLWbTDMJSTUEsC/ENeyHnCmZQBzWR65YiV7yOS6wBOaQ=="}
Redirected to http://localhost:3000/login
Completed 302 Found in 2ms (ActiveRecord: 0.0ms)


Started GET "/login" for 127.0.0.1 at 2017-12-22 15:10:39 +0530
Processing by SessionsController#new as HTML
  Rendering sessions/new.html.erb within layouts/application
  Rendered sessions/new.html.erb within layouts/application (1.8ms)
  Rendered layouts/_logo.html.erb (0.5ms)
  [1m[36mUser Load (0.5ms)[0m  [1m[34mSELECT  "users".* FROM "users" WHERE "users"."id" IS NULL LIMIT ?[0m  [["LIMIT", 1]]
  Rendered layouts/_header.html.erb (3.5ms)
Completed 200 OK in 36ms (Views: 34.2ms | ActiveRecord: 0.5ms)


Started POST "/login" for 127.0.0.1 at 2017-12-22 15:10:47 +0530
Processing by SessionsController#create as HTML
  Parameters: {"utf8"=>"✓", "authenticity_token"=>"xVGLIVVzs+03ZxoK83QfP7B02FqZtJqXy90KT5YnQR4XgyuSAVt39aWGlzJ10FUxaacDaAzyTMzUo4rz9QBP0w==", "session"=>{"username"=>"alice", "password"=>"[FILTERED]"}, "commit"=>"Log in"}
  [1m[36mUser Load (0.2ms)[0m  [1m[34mSELECT  "users".* FROM "users" WHERE "users"."username" = ? LIMIT ?[0m  [["username", "alice"], ["LIMIT", 1]]
Redirected to http://localhost:3000/messages
Completed 302 Found in 102ms (ActiveRecord: 0.2ms)


Started GET "/messages" for 127.0.0.1 at 2017-12-22 15:10:47 +0530
Processing by MessagesController#index as HTML
  [1m[36mUser Load (0.2ms)[0m  [1m[34mSELECT  "users".* FROM "users" WHERE "users"."id" = ? LIMIT ?[0m  [["id", 1], ["LIMIT", 1]]
  [1m[36mMessage Load (0.2ms)[0m  [1m[34mSELECT  "messages".* FROM "messages" ORDER BY "messages"."created_at" DESC LIMIT ?[0m  [["LIMIT", 50]]
  Rendering messages/index.html.erb within layouts/application
  Rendered messages/_messages.html.erb (1.1ms)
  Rendered messages/_message_form.html.erb (1.3ms)
  Rendered messages/index.html.erb within layouts/application (5.2ms)
  Rendered layouts/_logo.html.erb (0.5ms)
  Rendered layouts/_header.html.erb (1.8ms)
Completed 200 OK in 37ms (Views: 31.5ms | ActiveRecord: 0.4ms)


Started GET "/" for 127.0.0.1 at 2017-12-22 15:11:14 +0530
Processing by MessagesController#index as HTML
  [1m[36mUser Load (0.2ms)[0m  [1m[34mSELECT  "users".* FROM "users" WHERE "users"."id" IS NULL LIMIT ?[0m  [["LIMIT", 1]]
Redirected to http://localhost:3000/login
Filter chain halted as :logged_in_user rendered or redirected
Completed 302 Found in 2ms (ActiveRecord: 0.2ms)


Started GET "/login" for 127.0.0.1 at 2017-12-22 15:11:14 +0530
Processing by SessionsController#new as HTML
  Rendering sessions/new.html.erb within layouts/application
  Rendered sessions/new.html.erb within layouts/application (1.6ms)
  Rendered layouts/_logo.html.erb (1.2ms)
  [1m[36mUser Load (0.5ms)[0m  [1m[34mSELECT  "users".* FROM "users" WHERE "users"."id" IS NULL LIMIT ?[0m  [["LIMIT", 1]]
  Rendered layouts/_header.html.erb (5.0ms)
Completed 200 OK in 33ms (Views: 30.7ms | ActiveRecord: 0.5ms)


Started POST "/login" for 127.0.0.1 at 2017-12-22 15:11:29 +0530
Processing by SessionsController#create as HTML
  Parameters: {"utf8"=>"✓", "authenticity_token"=>"Kwq00geojXZ12OaKxRDmyoHWtGYDuP7b1jvO3uPbOxsYHY/DNaPdWpDR7eeO6hXLFRRUwcfNevGNkUNuX0Dllg==", "session"=>{"username"=>"bob", "password"=>"[FILTERED]"}, "commit"=>"Log in"}
  [1m[36mUser Load (0.3ms)[0m  [1m[34mSELECT  "users".* FROM "users" WHERE "users"."username" = ? LIMIT ?[0m  [["username", "bob"], ["LIMIT", 1]]
Redirected to http://localhost:3000/messages
Completed 302 Found in 104ms (ActiveRecord: 0.3ms)


Started GET "/messages" for 127.0.0.1 at 2017-12-22 15:11:30 +0530
Processing by MessagesController#index as HTML
  [1m[36mUser Load (0.2ms)[0m  [1m[34mSELECT  "users".* FROM "users" WHERE "users"."id" = ? LIMIT ?[0m  [["id", 2], ["LIMIT", 1]]
  [1m[36mMessage Load (0.2ms)[0m  [1m[34mSELECT  "messages".* FROM "messages" ORDER BY "messages"."created_at" DESC LIMIT ?[0m  [["LIMIT", 50]]
  Rendering messages/index.html.erb within layouts/application
  Rendered messages/_messages.html.erb (0.7ms)
  Rendered messages/_message_form.html.erb (2.8ms)
  Rendered messages/index.html.erb within layouts/application (5.9ms)
  Rendered layouts/_logo.html.erb (0.5ms)
  Rendered layouts/_header.html.erb (2.1ms)
Completed 200 OK in 43ms (Views: 37.9ms | ActiveRecord: 0.4ms)


Started POST "/messages" for 127.0.0.1 at 2017-12-22 15:11:44 +0530
Processing by MessagesController#create as HTML
  Parameters: {"utf8"=>"✓", "authenticity_token"=>"Fi5+8MYgzs0AZreY54ScSqkxe3/luWQ8SvF1AY0VNOslOUXh9Cue4eVvvPWsfm9LPfOb2CHM4BYRW/ixMY7qZg==", "message"=>{"content"=>"hi"}, "commit"=>"Send"}
  [1m[36mUser Load (0.2ms)[0m  [1m[34mSELECT  "users".* FROM "users" WHERE "users"."id" = ? LIMIT ?[0m  [["id", 2], ["LIMIT", 1]]
  [1m[36mMessage Load (0.3ms)[0m  [1m[34mSELECT  "messages".* FROM "messages" ORDER BY "messages"."created_at" DESC LIMIT ?[0m  [["LIMIT", 50]]
  [1m[35m (0.1ms)[0m  [1m[36mbegin transaction[0m
  [1m[35mSQL (0.9ms)[0m  [1m[32mINSERT INTO "messages" ("content", "user_id", "created_at", "updated_at") VALUES (?, ?, ?, ?)[0m  [["content", "hi"], ["user_id", 2], ["created_at", 2017-12-22 09:41:44 UTC], ["updated_at", 2017-12-22 09:41:44 UTC]]
  [1m[35m (140.8ms)[0m  [1m[36mcommit transaction[0m
Redirected to http://localhost:3000/messages
Completed 302 Found in 157ms (ActiveRecord: 142.4ms)


Started GET "/messages" for 127.0.0.1 at 2017-12-22 15:11:44 +0530
Processing by MessagesController#index as HTML
  [1m[36mUser Load (0.2ms)[0m  [1m[34mSELECT  "users".* FROM "users" WHERE "users"."id" = ? LIMIT ?[0m  [["id", 2], ["LIMIT", 1]]
  [1m[36mMessage Load (0.2ms)[0m  [1m[34mSELECT  "messages".* FROM "messages" ORDER BY "messages"."created_at" DESC LIMIT ?[0m  [["LIMIT", 50]]
  Rendering messages/index.html.erb within layouts/application
  [1m[36mCACHE (0.0ms)[0m  [1m[34mSELECT  "users".* FROM "users" WHERE "users"."id" = ? LIMIT ?[0m  [["id", 2], ["LIMIT", 1]]
  Rendered collection of messages/_message.html.erb [1 times] (2.7ms)
  Rendered messages/_messages.html.erb (4.4ms)
  Rendered messages/_message_form.html.erb (1.2ms)
  Rendered messages/index.html.erb within layouts/application (18.9ms)
  Rendered layouts/_logo.html.erb (0.4ms)
  Rendered layouts/_header.html.erb (1.8ms)
Completed 200 OK in 52ms (Views: 48.2ms | ActiveRecord: 0.4ms)


Started GET "/messages" for 127.0.0.1 at 2017-12-22 15:11:49 +0530
Processing by MessagesController#index as HTML
  [1m[36mUser Load (0.2ms)[0m  [1m[34mSELECT  "users".* FROM "users" WHERE "users"."id" = ? LIMIT ?[0m  [["id", 1], ["LIMIT", 1]]
  [1m[36mMessage Load (0.3ms)[0m  [1m[34mSELECT  "messages".* FROM "messages" ORDER BY "messages"."created_at" DESC LIMIT ?[0m  [["LIMIT", 50]]
  Rendering messages/index.html.erb within layouts/application
  [1m[36mUser Load (0.1ms)[0m  [1m[34mSELECT  "users".* FROM "users" WHERE "users"."id" = ? LIMIT ?[0m  [["id", 2], ["LIMIT", 1]]
  Rendered collection of messages/_message.html.erb [1 times] (1.8ms)
  Rendered messages/_messages.html.erb (3.1ms)
  Rendered messages/_message_form.html.erb (2.0ms)
  Rendered messages/index.html.erb within layouts/application (7.3ms)
  Rendered layouts/_logo.html.erb (0.5ms)
  Rendered layouts/_header.html.erb (2.4ms)
Completed 200 OK in 42ms (Views: 33.7ms | ActiveRecord: 0.6ms)


Started POST "/messages" for 127.0.0.1 at 2017-12-22 15:12:22 +0530
Processing by MessagesController#create as HTML
  Parameters: {"utf8"=>"✓", "authenticity_token"=>"lANLzXf65R8Vf1Ge/2Fh/V/NH3TUMEbjqLkY4oYsiYenFHDcRfG1M/B2WvO0m5L8yw//0xBFwsnzE5VSOrdXCg==", "message"=>{"content"=>"hi"}, "commit"=>"Send"}
  [1m[36mUser Load (0.2ms)[0m  [1m[34mSELECT  "users".* FROM "users" WHERE "users"."id" = ? LIMIT ?[0m  [["id", 2], ["LIMIT", 1]]
  [1m[36mMessage Load (0.3ms)[0m  [1m[34mSELECT  "messages".* FROM "messages" ORDER BY "messages"."created_at" DESC LIMIT ?[0m  [["LIMIT", 50]]
  [1m[35m (0.1ms)[0m  [1m[36mbegin transaction[0m
  [1m[35mSQL (0.4ms)[0m  [1m[32mINSERT INTO "messages" ("content", "user_id", "created_at", "updated_at") VALUES (?, ?, ?, ?)[0m  [["content", "hi"], ["user_id", 2], ["created_at", 2017-12-22 09:42:22 UTC], ["updated_at", 2017-12-22 09:42:22 UTC]]
  [1m[35m (129.5ms)[0m  [1m[36mcommit transaction[0m
Redirected to http://localhost:3000/messages
Completed 302 Found in 143ms (ActiveRecord: 130.4ms)


Started GET "/messages" for 127.0.0.1 at 2017-12-22 15:12:22 +0530
Processing by MessagesController#index as HTML
  [1m[36mUser Load (0.1ms)[0m  [1m[34mSELECT  "users".* FROM "users" WHERE "users"."id" = ? LIMIT ?[0m  [["id", 2], ["LIMIT", 1]]
  [1m[36mMessage Load (0.2ms)[0m  [1m[34mSELECT  "messages".* FROM "messages" ORDER BY "messages"."created_at" DESC LIMIT ?[0m  [["LIMIT", 50]]
  Rendering messages/index.html.erb within layouts/application
  [1m[36mCACHE (0.0ms)[0m  [1m[34mSELECT  "users".* FROM "users" WHERE "users"."id" = ? LIMIT ?[0m  [["id", 2], ["LIMIT", 1]]
  [1m[36mCACHE (0.0ms)[0m  [1m[34mSELECT  "users".* FROM "users" WHERE "users"."id" = ? LIMIT ?[0m  [["id", 2], ["LIMIT", 1]]
  Rendered collection of messages/_message.html.erb [2 times] (4.7ms)
  Rendered messages/_messages.html.erb (6.0ms)
  Rendered messages/_message_form.html.erb (2.1ms)
  Rendered messages/index.html.erb within layouts/application (10.2ms)
  Rendered layouts/_logo.html.erb (0.5ms)
  Rendered layouts/_header.html.erb (2.0ms)
Completed 200 OK in 59ms (Views: 54.9ms | ActiveRecord: 0.4ms)


Started POST "/messages" for 127.0.0.1 at 2017-12-22 15:12:28 +0530
Processing by MessagesController#create as HTML
  Parameters: {"utf8"=>"✓", "authenticity_token"=>"wCNvjbmh6Jw8DrkhQlxyAM3eKc+sEzApCHPS0NqWjHYS8c8+7YkshK7vNBnE+DgOFA3y/TlV5nIXDVJsubGCuw==", "message"=>{"content"=>"yes"}, "commit"=>"Send"}
  [1m[36mUser Load (0.3ms)[0m  [1m[34mSELECT  "users".* FROM "users" WHERE "users"."id" = ? LIMIT ?[0m  [["id", 1], ["LIMIT", 1]]
  [1m[36mMessage Load (0.2ms)[0m  [1m[34mSELECT  "messages".* FROM "messages" ORDER BY "messages"."created_at" DESC LIMIT ?[0m  [["LIMIT", 50]]
  [1m[35m (0.1ms)[0m  [1m[36mbegin transaction[0m
  [1m[35mSQL (2.5ms)[0m  [1m[32mINSERT INTO "messages" ("content", "user_id", "created_at", "updated_at") VALUES (?, ?, ?, ?)[0m  [["content", "yes"], ["user_id", 1], ["created_at", 2017-12-22 09:42:28 UTC], ["updated_at", 2017-12-22 09:42:28 UTC]]
  [1m[35m (146.3ms)[0m  [1m[36mcommit transaction[0m
Redirected to http://localhost:3000/messages
Completed 302 Found in 159ms (ActiveRecord: 149.4ms)


Started GET "/messages" for 127.0.0.1 at 2017-12-22 15:12:28 +0530
Processing by MessagesController#index as HTML
  [1m[36mUser Load (0.1ms)[0m  [1m[34mSELECT  "users".* FROM "users" WHERE "users"."id" = ? LIMIT ?[0m  [["id", 1], ["LIMIT", 1]]
  [1m[36mMessage Load (0.2ms)[0m  [1m[34mSELECT  "messages".* FROM "messages" ORDER BY "messages"."created_at" DESC LIMIT ?[0m  [["LIMIT", 50]]
  Rendering messages/index.html.erb within layouts/application
  [1m[36mUser Load (0.1ms)[0m  [1m[34mSELECT  "users".* FROM "users" WHERE "users"."id" = ? LIMIT ?[0m  [["id", 2], ["LIMIT", 1]]
  [1m[36mCACHE (0.0ms)[0m  [1m[34mSELECT  "users".* FROM "users" WHERE "users"."id" = ? LIMIT ?[0m  [["id", 2], ["LIMIT", 1]]
  [1m[36mCACHE (0.0ms)[0m  [1m[34mSELECT  "users".* FROM "users" WHERE "users"."id" = ? LIMIT ?[0m  [["id", 1], ["LIMIT", 1]]
  Rendered collection of messages/_message.html.erb [3 times] (3.9ms)
  Rendered messages/_messages.html.erb (5.1ms)
  Rendered messages/_message_form.html.erb (1.2ms)
  Rendered messages/index.html.erb within layouts/application (8.9ms)
  Rendered layouts/_logo.html.erb (0.5ms)
  Rendered layouts/_header.html.erb (1.9ms)
Completed 200 OK in 41ms (Views: 36.5ms | ActiveRecord: 0.5ms)


Started GET "/messages" for 127.0.0.1 at 2017-12-22 16:14:02 +0530
  [1m[36mActiveRecord::SchemaMigration Load (0.2ms)[0m  [1m[34mSELECT "schema_migrations".* FROM "schema_migrations"[0m
Processing by MessagesController#index as HTML
  [1m[36mUser Load (0.2ms)[0m  [1m[34mSELECT  "users".* FROM "users" WHERE "users"."id" = ? LIMIT ?[0m  [["id", 2], ["LIMIT", 1]]
  [1m[36mMessage Load (0.2ms)[0m  [1m[34mSELECT  "messages".* FROM "messages" ORDER BY "messages"."created_at" DESC LIMIT ?[0m  [["LIMIT", 50]]
  Rendering messages/index.html.erb within layouts/application
  [1m[36mUser Load (0.1ms)[0m  [1m[34mSELECT  "users".* FROM "users" WHERE "users"."id" = ? LIMIT ?[0m  [["id", 2], ["LIMIT", 1]]
  [1m[36mUser Load (0.1ms)[0m  [1m[34mSELECT  "users".* FROM "users" WHERE "users"."id" = ? LIMIT ?[0m  [["id", 2], ["LIMIT", 1]]
  [1m[36mUser Load (0.2ms)[0m  [1m[34mSELECT  "users".* FROM "users" WHERE "users"."id" = ? LIMIT ?[0m  [["id", 1], ["LIMIT", 1]]
  Rendered collection of messages/_message.html.erb [3 times] (5.9ms)
  Rendered messages/_messages.html.erb (7.5ms)
  Rendered messages/_message_form.html.erb (10.9ms)
  Rendered messages/index.html.erb within layouts/application (21.5ms)
  Rendered layouts/_logo.html.erb (0.5ms)
  Rendered layouts/_header.html.erb (2.2ms)
Completed 200 OK in 458ms (Views: 392.3ms | ActiveRecord: 2.0ms)


